=== Job Information ===
Job ID: 4639719
Array Task ID: 0
Node: node29
Task: dmc_walker_walk
Encoder: cnn_ae

=== Checkpoint Info ===
Original logdir: /mnt/home/tianyuez/DL-PJ/dreamerv3/logdir/dmc_walker_walk_cnn_ae_20251206_024217
Checkpoint: /mnt/home/tianyuez/DL-PJ/dreamerv3/logdir/dmc_walker_walk_cnn_ae_20251206_024217/ckpt/20251206T082839F345180
New logdir: /mnt/home/tianyuez/DL-PJ/dreamerv3/logdir/dmc_walker_walk_cnn_ae_cont_20251206_160311

Start time: Sat Dec  6 04:03:11 PM EST 2025

=== Verifying GPU ===
Devices: [CudaDevice(id=0)]

=== Continuing Training: dmc_walker_walk ===
Loading from checkpoint and training 550K more steps

2025-12-06 16:03:19.748921: W external/xla/xla/service/gpu/nvptx_compiler.cc:893] The NVIDIA driver's CUDA version is 12.5 which is older than the PTX compiler version 12.9.86. Because the driver is older than the PTX compiler version, XLA is disabling parallel compilation, which may slow down compilation. You should update your NVIDIA driver or use the NVIDIA-provided CUDA forward compatibility packages.
---  ___                           __   ______ ---
--- |   \ _ _ ___ __ _ _ __  ___ _ \ \ / /__ / ---
--- | |) | '_/ -_) _` | '  \/ -_) '/\ V / |_ \ ---
--- |___/|_| \___\__,_|_|_|_\___|_|  \_/ |___/ ---
Replica: 0 / 1
Logdir: /mnt/home/tianyuez/DL-PJ/dreamerv3/logdir/dmc_walker_walk_cnn_ae_cont_20251206_160311
Run script: train
Observations
  is_first         Space(bool, shape=(), low=False, high=True)
  is_last          Space(bool, shape=(), low=False, high=True)
  is_terminal      Space(bool, shape=(), low=False, high=True)
  reward           Space(float32, shape=(), low=-inf, high=inf)
  image            Space(uint8, shape=(64, 64, 3), low=0, high=255)
Actions
  action           Space(float32, shape=(6,), low=-1.0, high=1.0)
Extras
  consec           Space(int32, shape=(), low=-2147483648, high=2147483647)
  stepid           Space(uint8, shape=(20,), low=0, high=255)
  dyn/deter        Space(float32, shape=(4096,), low=-inf, high=inf)
  dyn/stoch        Space(float32, shape=(32, 32), low=-inf, high=inf)
JAX devices (1): [cuda:0]
Policy devices: cuda:0
Train devices:  cuda:0
Initializing parameters...
Vision modules (cnn_ae): 5,952,387 parameters
Optimizer opt has 41,650,062 params:
    23,886,848 dyn
     5,076,355 dec
     3,279,615 val
     3,154,956 pol
     2,753,279 rew
     2,622,977 con
       876,032 enc
[1]
[0]
[1]
[1]
con/head/logit/bias
[1]
[1]
con/head/logit/kernel
[1]
[1]
con/mlp/linear0/bias
[1]
[1]
con/mlp/linear0/kernel
[1]
[1]
con/mlp/norm0/scale
[1]
[1]
dec/conv0/bias
[1]
[1]
dec/conv0/kernel
[1]
[1]
dec/conv0norm/scale
[1]
[1]
dec/conv1/bias
[1]
[1]
dec/conv1/kernel
[1]
[1]
dec/conv1norm/scale
[1]
[1]
dec/conv2/bias
[1]
[1]
dec/conv2/kernel
[1]
[1]
dec/conv2norm/scale
[1]
[1]
dec/imgout/bias
[1]
[1]
dec/imgout/kernel
[1]
[1]
dec/sp0/bias
[1]
[1]
dec/sp0/kernel
[1]
[1]
dec/sp1/bias
[1]
[1]
dec/sp1/kernel
[1]
[1]
dec/sp1norm/scale
[1]
[1]
dec/sp2/bias
[1]
[1]
dec/sp2/kernel
[1]
[1]
dec/spnorm/scale
[1]
[1]
dyn/dyngru/bias
[1]
[1]
dyn/dyngru/kernel
[1]
[1]
dyn/dynhid0/bias
[1]
[1]
dyn/dynhid0/kernel
[1]
[1]
dyn/dynhid0norm/scale
[1]
[1]
dyn/dynin0/bias
[1]
[1]
dyn/dynin0/kernel
[1]
[1]
dyn/dynin0norm/scale
[1]
[1]
dyn/dynin1/bias
[1]
[1]
dyn/dynin1/kernel
[1]
[1]
dyn/dynin1norm/scale
[1]
[1]
dyn/dynin2/bias
[1]
[1]
dyn/dynin2/kernel
[1]
[1]
dyn/dynin2norm/scale
[1]
[1]
dyn/obs0/bias
[1]
[1]
dyn/obs0/kernel
[1]
[1]
dyn/obs0norm/scale
[1]
[1]
dyn/obslogit/bias
[1]
[1]
dyn/obslogit/kernel
[1]
[1]
dyn/prior0/bias
[1]
[1]
dyn/prior0/kernel
[1]
[1]
dyn/prior0norm/scale
[1]
[1]
dyn/prior1/bias
[1]
[1]
dyn/prior1/kernel
[1]
[1]
dyn/prior1norm/scale
[1]
[1]
dyn/priorlogit/bias
[1]
[1]
dyn/priorlogit/kernel
[1]
[1]
enc/cnn0/bias
[1]
[1]
enc/cnn0/kernel
[1]
[1]
enc/cnn0norm/scale
[1]
[1]
enc/cnn1/bias
[1]
[1]
enc/cnn1/kernel
[1]
[1]
enc/cnn1norm/scale
[1]
[1]
enc/cnn2/bias
[1]
[1]
enc/cnn2/kernel
[1]
[1]
enc/cnn2norm/scale
[1]
[1]
enc/cnn3/bias
[1]
[1]
enc/cnn3/kernel
[1]
[1]
enc/cnn3norm/scale
[1]
[1]
pol/head/action/mean/bias
[1]
[1]
pol/head/action/mean/kernel
[1]
[1]
pol/head/action/stddev/bias
[1]
[1]
pol/head/action/stddev/kernel
[1]
[1]
pol/mlp/linear0/bias
[1]
[1]
pol/mlp/linear0/kernel
[1]
[1]
pol/mlp/linear1/bias
[1]
[1]
pol/mlp/linear1/kernel
[1]
[1]
pol/mlp/linear2/bias
[1]
[1]
pol/mlp/linear2/kernel
[1]
[1]
pol/mlp/norm0/scale
[1]
[1]
pol/mlp/norm1/scale
[1]
[1]
pol/mlp/norm2/scale
[1]
[1]
rew/head/logits/bias
[1]
[1]
rew/head/logits/kernel
[1]
[1]
rew/mlp/linear0/bias
[1]
[1]
rew/mlp/linear0/kernel
[1]
[1]
rew/mlp/norm0/scale
[1]
[1]
val/head/logits/bias
[1]
[1]
val/head/logits/kernel
[1]
[1]
val/mlp/linear0/bias
[1]
[1]
val/mlp/linear0/kernel
[1]
[1]
val/mlp/linear1/bias
[1]
[1]
val/mlp/linear1/kernel
[1]
[1]
val/mlp/linear2/bias
[1]
[1]
val/mlp/linear2/kernel
[1]
[1]
val/mlp/norm0/scale
[1]
[1]
val/mlp/norm1/scale
[1]
[1]
val/mlp/norm2/scale
[2]
[0]
[2]
[1]
con/head/logit/bias
[2]
[1]
con/head/logit/kernel
[2]
[1]
con/mlp/linear0/bias
[2]
[1]
con/mlp/linear0/kernel
[2]
[1]
con/mlp/norm0/scale
[2]
[1]
dec/conv0/bias
[2]
[1]
dec/conv0/kernel
[2]
[1]
dec/conv0norm/scale
[2]
[1]
dec/conv1/bias
[2]
[1]
dec/conv1/kernel
[2]
[1]
dec/conv1norm/scale
[2]
[1]
dec/conv2/bias
[2]
[1]
dec/conv2/kernel
[2]
[1]
dec/conv2norm/scale
[2]
[1]
dec/imgout/bias
[2]
[1]
dec/imgout/kernel
[2]
[1]
dec/sp0/bias
[2]
[1]
dec/sp0/kernel
[2]
[1]
dec/sp1/bias
[2]
[1]
dec/sp1/kernel
[2]
[1]
dec/sp1norm/scale
[2]
[1]
dec/sp2/bias
[2]
[1]
dec/sp2/kernel
[2]
[1]
dec/spnorm/scale
[2]
[1]
dyn/dyngru/bias
[2]
[1]
dyn/dyngru/kernel
[2]
[1]
dyn/dynhid0/bias
[2]
[1]
dyn/dynhid0/kernel
[2]
[1]
dyn/dynhid0norm/scale
[2]
[1]
dyn/dynin0/bias
[2]
[1]
dyn/dynin0/kernel
[2]
[1]
dyn/dynin0norm/scale
[2]
[1]
dyn/dynin1/bias
[2]
[1]
dyn/dynin1/kernel
[2]
[1]
dyn/dynin1norm/scale
[2]
[1]
dyn/dynin2/bias
[2]
[1]
dyn/dynin2/kernel
[2]
[1]
dyn/dynin2norm/scale
[2]
[1]
dyn/obs0/bias
[2]
[1]
dyn/obs0/kernel
[2]
[1]
dyn/obs0norm/scale
[2]
[1]
dyn/obslogit/bias
[2]
[1]
dyn/obslogit/kernel
[2]
[1]
dyn/prior0/bias
[2]
[1]
dyn/prior0/kernel
[2]
[1]
dyn/prior0norm/scale
[2]
[1]
dyn/prior1/bias
[2]
[1]
dyn/prior1/kernel
[2]
[1]
dyn/prior1norm/scale
[2]
[1]
dyn/priorlogit/bias
[2]
[1]
dyn/priorlogit/kernel
[2]
[1]
enc/cnn0/bias
[2]
[1]
enc/cnn0/kernel
[2]
[1]
enc/cnn0norm/scale
[2]
[1]
enc/cnn1/bias
[2]
[1]
enc/cnn1/kernel
[2]
[1]
enc/cnn1norm/scale
[2]
[1]
enc/cnn2/bias
[2]
[1]
enc/cnn2/kernel
[2]
[1]
enc/cnn2norm/scale
[2]
[1]
enc/cnn3/bias
[2]
[1]
enc/cnn3/kernel
[2]
[1]
enc/cnn3norm/scale
[2]
[1]
pol/head/action/mean/bias
[2]
[1]
pol/head/action/mean/kernel
[2]
[1]
pol/head/action/stddev/bias
[2]
[1]
pol/head/action/stddev/kernel
[2]
[1]
pol/mlp/linear0/bias
[2]
[1]
pol/mlp/linear0/kernel
[2]
[1]
pol/mlp/linear1/bias
[2]
[1]
pol/mlp/linear1/kernel
[2]
[1]
pol/mlp/linear2/bias
[2]
[1]
pol/mlp/linear2/kernel
[2]
[1]
pol/mlp/norm0/scale
[2]
[1]
pol/mlp/norm1/scale
[2]
[1]
pol/mlp/norm2/scale
[2]
[1]
rew/head/logits/bias
[2]
[1]
rew/head/logits/kernel
[2]
[1]
rew/mlp/linear0/bias
[2]
[1]
rew/mlp/linear0/kernel
[2]
[1]
rew/mlp/norm0/scale
[2]
[1]
val/head/logits/bias
[2]
[1]
val/head/logits/kernel
[2]
[1]
val/mlp/linear0/bias
[2]
[1]
val/mlp/linear0/kernel
[2]
[1]
val/mlp/linear1/bias
[2]
[1]
val/mlp/linear1/kernel
[2]
[1]
val/mlp/linear2/bias
[2]
[1]
val/mlp/linear2/kernel
[2]
[1]
val/mlp/norm0/scale
[2]
[1]
val/mlp/norm1/scale
[2]
[1]
val/mlp/norm2/scale
[3]
.count
[1]
[0]
[1]
[1]
con/head/logit/bias
[1]
[1]
con/head/logit/kernel
[1]
[1]
con/mlp/linear0/bias
[1]
[1]
con/mlp/linear0/kernel
[1]
[1]
con/mlp/norm0/scale
[1]
[1]
dec/conv0/bias
[1]
[1]
dec/conv0/kernel
[1]
[1]
dec/conv0norm/scale
[1]
[1]
dec/conv1/bias
[1]
[1]
dec/conv1/kernel
[1]
[1]
dec/conv1norm/scale
[1]
[1]
dec/conv2/bias
[1]
[1]
dec/conv2/kernel
[1]
[1]
dec/conv2norm/scale
[1]
[1]
dec/imgout/bias
[1]
[1]
dec/imgout/kernel
[1]
[1]
dec/sp0/bias
[1]
[1]
dec/sp0/kernel
[1]
[1]
dec/sp1/bias
[1]
[1]
dec/sp1/kernel
[1]
[1]
dec/sp1norm/scale
[1]
[1]
dec/sp2/bias
[1]
[1]
dec/sp2/kernel
[1]
[1]
dec/spnorm/scale
[1]
[1]
dyn/dyngru/bias
[1]
[1]
dyn/dyngru/kernel
[1]
[1]
dyn/dynhid0/bias
[1]
[1]
dyn/dynhid0/kernel
[1]
[1]
dyn/dynhid0norm/scale
[1]
[1]
dyn/dynin0/bias
[1]
[1]
dyn/dynin0/kernel
[1]
[1]
dyn/dynin0norm/scale
[1]
[1]
dyn/dynin1/bias
[1]
[1]
dyn/dynin1/kernel
[1]
[1]
dyn/dynin1norm/scale
[1]
[1]
dyn/dynin2/bias
[1]
[1]
dyn/dynin2/kernel
[1]
[1]
dyn/dynin2norm/scale
[1]
[1]
dyn/obs0/bias
[1]
[1]
dyn/obs0/kernel
[1]
[1]
dyn/obs0norm/scale
[1]
[1]
dyn/obslogit/bias
[1]
[1]
dyn/obslogit/kernel
[1]
[1]
dyn/prior0/bias
[1]
[1]
dyn/prior0/kernel
[1]
[1]
dyn/prior0norm/scale
[1]
[1]
dyn/prior1/bias
[1]
[1]
dyn/prior1/kernel
[1]
[1]
dyn/prior1norm/scale
[1]
[1]
dyn/priorlogit/bias
[1]
[1]
dyn/priorlogit/kernel
[1]
[1]
enc/cnn0/bias
[1]
[1]
enc/cnn0/kernel
[1]
[1]
enc/cnn0norm/scale
[1]
[1]
enc/cnn1/bias
[1]
[1]
enc/cnn1/kernel
[1]
[1]
enc/cnn1norm/scale
[1]
[1]
enc/cnn2/bias
[1]
[1]
enc/cnn2/kernel
[1]
[1]
enc/cnn2norm/scale
[1]
[1]
enc/cnn3/bias
[1]
[1]
enc/cnn3/kernel
[1]
[1]
enc/cnn3norm/scale
[1]
[1]
pol/head/action/mean/bias
[1]
[1]
pol/head/action/mean/kernel
[1]
[1]
pol/head/action/stddev/bias
[1]
[1]
pol/head/action/stddev/kernel
[1]
[1]
pol/mlp/linear0/bias
[1]
[1]
pol/mlp/linear0/kernel
[1]
[1]
pol/mlp/linear1/bias
[1]
[1]
pol/mlp/linear1/kernel
[1]
[1]
pol/mlp/linear2/bias
[1]
[1]
pol/mlp/linear2/kernel
[1]
[1]
pol/mlp/norm0/scale
[1]
[1]
pol/mlp/norm1/scale
[1]
[1]
pol/mlp/norm2/scale
[1]
[1]
rew/head/logits/bias
[1]
[1]
rew/head/logits/kernel
[1]
[1]
rew/mlp/linear0/bias
[1]
[1]
rew/mlp/linear0/kernel
[1]
[1]
rew/mlp/norm0/scale
[1]
[1]
val/head/logits/bias
[1]
[1]
val/head/logits/kernel
[1]
[1]
val/mlp/linear0/bias
[1]
[1]
val/mlp/linear0/kernel
[1]
[1]
val/mlp/linear1/bias
[1]
[1]
val/mlp/linear1/kernel
[1]
[1]
val/mlp/linear2/bias
[1]
[1]
val/mlp/linear2/kernel
[1]
[1]
val/mlp/norm0/scale
[1]
[1]
val/mlp/norm1/scale
[1]
[1]
val/mlp/norm2/scale
[2]
[0]
[2]
[1]
con/head/logit/bias
[2]
[1]
con/head/logit/kernel
[2]
[1]
con/mlp/linear0/bias
[2]
[1]
con/mlp/linear0/kernel
[2]
[1]
con/mlp/norm0/scale
[2]
[1]
dec/conv0/bias
[2]
[1]
dec/conv0/kernel
[2]
[1]
dec/conv0norm/scale
[2]
[1]
dec/conv1/bias
[2]
[1]
dec/conv1/kernel
[2]
[1]
dec/conv1norm/scale
[2]
[1]
dec/conv2/bias
[2]
[1]
dec/conv2/kernel
[2]
[1]
dec/conv2norm/scale
[2]
[1]
dec/imgout/bias
[2]
[1]
dec/imgout/kernel
[2]
[1]
dec/sp0/bias
[2]
[1]
dec/sp0/kernel
[2]
[1]
dec/sp1/bias
[2]
[1]
dec/sp1/kernel
[2]
[1]
dec/sp1norm/scale
[2]
[1]
dec/sp2/bias
[2]
[1]
dec/sp2/kernel
[2]
[1]
dec/spnorm/scale
[2]
[1]
dyn/dyngru/bias
[2]
[1]
dyn/dyngru/kernel
[2]
[1]
dyn/dynhid0/bias
[2]
[1]
dyn/dynhid0/kernel
[2]
[1]
dyn/dynhid0norm/scale
[2]
[1]
dyn/dynin0/bias
[2]
[1]
dyn/dynin0/kernel
[2]
[1]
dyn/dynin0norm/scale
[2]
[1]
dyn/dynin1/bias
[2]
[1]
dyn/dynin1/kernel
[2]
[1]
dyn/dynin1norm/scale
[2]
[1]
dyn/dynin2/bias
[2]
[1]
dyn/dynin2/kernel
[2]
[1]
dyn/dynin2norm/scale
[2]
[1]
dyn/obs0/bias
[2]
[1]
dyn/obs0/kernel
[2]
[1]
dyn/obs0norm/scale
[2]
[1]
dyn/obslogit/bias
[2]
[1]
dyn/obslogit/kernel
[2]
[1]
dyn/prior0/bias
[2]
[1]
dyn/prior0/kernel
[2]
[1]
dyn/prior0norm/scale
[2]
[1]
dyn/prior1/bias
[2]
[1]
dyn/prior1/kernel
[2]
[1]
dyn/prior1norm/scale
[2]
[1]
dyn/priorlogit/bias
[2]
[1]
dyn/priorlogit/kernel
[2]
[1]
enc/cnn0/bias
[2]
[1]
enc/cnn0/kernel
[2]
[1]
enc/cnn0norm/scale
[2]
[1]
enc/cnn1/bias
[2]
[1]
enc/cnn1/kernel
[2]
[1]
enc/cnn1norm/scale
[2]
[1]
enc/cnn2/bias
[2]
[1]
enc/cnn2/kernel
[2]
[1]
enc/cnn2norm/scale
[2]
[1]
enc/cnn3/bias
[2]
[1]
enc/cnn3/kernel
[2]
[1]
enc/cnn3norm/scale
[2]
[1]
pol/head/action/mean/bias
[2]
[1]
pol/head/action/mean/kernel
[2]
[1]
pol/head/action/stddev/bias
[2]
[1]
pol/head/action/stddev/kernel
[2]
[1]
pol/mlp/linear0/bias
[2]
[1]
pol/mlp/linear0/kernel
[2]
[1]
pol/mlp/linear1/bias
[2]
[1]
pol/mlp/linear1/kernel
[2]
[1]
pol/mlp/linear2/bias
[2]
[1]
pol/mlp/linear2/kernel
[2]
[1]
pol/mlp/norm0/scale
[2]
[1]
pol/mlp/norm1/scale
[2]
[1]
pol/mlp/norm2/scale
[2]
[1]
rew/head/logits/bias
[2]
[1]
rew/head/logits/kernel
[2]
[1]
rew/mlp/linear0/bias
[2]
[1]
rew/mlp/linear0/kernel
[2]
[1]
rew/mlp/norm0/scale
[2]
[1]
val/head/logits/bias
[2]
[1]
val/head/logits/kernel
[2]
[1]
val/mlp/linear0/bias
[2]
[1]
val/mlp/linear0/kernel
[2]
[1]
val/mlp/linear1/bias
[2]
[1]
val/mlp/linear1/kernel
[2]
[1]
val/mlp/linear2/bias
[2]
[1]
val/mlp/linear2/kernel
[2]
[1]
val/mlp/norm0/scale
[2]
[1]
val/mlp/norm1/scale
[2]
[1]
val/mlp/norm2/scale
[3]
.count
Done initializing!
Compiling 1 checkpoint groups...
Largest checkpoint group: 0 GB
Compiling train and report...
[1]
[0]
[1]
[1]
con/head/logit/bias
[1]
[1]
con/head/logit/kernel
[1]
[1]
con/mlp/linear0/bias
[1]
[1]
con/mlp/linear0/kernel
[1]
[1]
con/mlp/norm0/scale
[1]
[1]
dec/conv0/bias
[1]
[1]
dec/conv0/kernel
[1]
[1]
dec/conv0norm/scale
[1]
[1]
dec/conv1/bias
[1]
[1]
dec/conv1/kernel
[1]
[1]
dec/conv1norm/scale
[1]
[1]
dec/conv2/bias
[1]
[1]
dec/conv2/kernel
[1]
[1]
dec/conv2norm/scale
[1]
[1]
dec/imgout/bias
[1]
[1]
dec/imgout/kernel
[1]
[1]
dec/sp0/bias
[1]
[1]
dec/sp0/kernel
[1]
[1]
dec/sp1/bias
[1]
[1]
dec/sp1/kernel
[1]
[1]
dec/sp1norm/scale
[1]
[1]
dec/sp2/bias
[1]
[1]
dec/sp2/kernel
[1]
[1]
dec/spnorm/scale
[1]
[1]
dyn/dyngru/bias
[1]
[1]
dyn/dyngru/kernel
[1]
[1]
dyn/dynhid0/bias
[1]
[1]
dyn/dynhid0/kernel
[1]
[1]
dyn/dynhid0norm/scale
[1]
[1]
dyn/dynin0/bias
[1]
[1]
dyn/dynin0/kernel
[1]
[1]
dyn/dynin0norm/scale
[1]
[1]
dyn/dynin1/bias
[1]
[1]
dyn/dynin1/kernel
[1]
[1]
dyn/dynin1norm/scale
[1]
[1]
dyn/dynin2/bias
[1]
[1]
dyn/dynin2/kernel
[1]
[1]
dyn/dynin2norm/scale
[1]
[1]
dyn/obs0/bias
[1]
[1]
dyn/obs0/kernel
[1]
[1]
dyn/obs0norm/scale
[1]
[1]
dyn/obslogit/bias
[1]
[1]
dyn/obslogit/kernel
[1]
[1]
dyn/prior0/bias
[1]
[1]
dyn/prior0/kernel
[1]
[1]
dyn/prior0norm/scale
[1]
[1]
dyn/prior1/bias
[1]
[1]
dyn/prior1/kernel
[1]
[1]
dyn/prior1norm/scale
[1]
[1]
dyn/priorlogit/bias
[1]
[1]
dyn/priorlogit/kernel
[1]
[1]
enc/cnn0/bias
[1]
[1]
enc/cnn0/kernel
[1]
[1]
enc/cnn0norm/scale
[1]
[1]
enc/cnn1/bias
[1]
[1]
enc/cnn1/kernel
[1]
[1]
enc/cnn1norm/scale
[1]
[1]
enc/cnn2/bias
[1]
[1]
enc/cnn2/kernel
[1]
[1]
enc/cnn2norm/scale
[1]
[1]
enc/cnn3/bias
[1]
[1]
enc/cnn3/kernel
[1]
[1]
enc/cnn3norm/scale
[1]
[1]
pol/head/action/mean/bias
[1]
[1]
pol/head/action/mean/kernel
[1]
[1]
pol/head/action/stddev/bias
[1]
[1]
pol/head/action/stddev/kernel
[1]
[1]
pol/mlp/linear0/bias
[1]
[1]
pol/mlp/linear0/kernel
[1]
[1]
pol/mlp/linear1/bias
[1]
[1]
pol/mlp/linear1/kernel
[1]
[1]
pol/mlp/linear2/bias
[1]
[1]
pol/mlp/linear2/kernel
[1]
[1]
pol/mlp/norm0/scale
[1]
[1]
pol/mlp/norm1/scale
[1]
[1]
pol/mlp/norm2/scale
[1]
[1]
rew/head/logits/bias
[1]
[1]
rew/head/logits/kernel
[1]
[1]
rew/mlp/linear0/bias
[1]
[1]
rew/mlp/linear0/kernel
[1]
[1]
rew/mlp/norm0/scale
[1]
[1]
val/head/logits/bias
[1]
[1]
val/head/logits/kernel
[1]
[1]
val/mlp/linear0/bias
[1]
[1]
val/mlp/linear0/kernel
[1]
[1]
val/mlp/linear1/bias
[1]
[1]
val/mlp/linear1/kernel
[1]
[1]
val/mlp/linear2/bias
[1]
[1]
val/mlp/linear2/kernel
[1]
[1]
val/mlp/norm0/scale
[1]
[1]
val/mlp/norm1/scale
[1]
[1]
val/mlp/norm2/scale
[2]
[0]
[2]
[1]
con/head/logit/bias
[2]
[1]
con/head/logit/kernel
[2]
[1]
con/mlp/linear0/bias
[2]
[1]
con/mlp/linear0/kernel
[2]
[1]
con/mlp/norm0/scale
[2]
[1]
dec/conv0/bias
[2]
[1]
dec/conv0/kernel
[2]
[1]
dec/conv0norm/scale
[2]
[1]
dec/conv1/bias
[2]
[1]
dec/conv1/kernel
[2]
[1]
dec/conv1norm/scale
[2]
[1]
dec/conv2/bias
[2]
[1]
dec/conv2/kernel
[2]
[1]
dec/conv2norm/scale
[2]
[1]
dec/imgout/bias
[2]
[1]
dec/imgout/kernel
[2]
[1]
dec/sp0/bias
[2]
[1]
dec/sp0/kernel
[2]
[1]
dec/sp1/bias
[2]
[1]
dec/sp1/kernel
[2]
[1]
dec/sp1norm/scale
[2]
[1]
dec/sp2/bias
[2]
[1]
dec/sp2/kernel
[2]
[1]
dec/spnorm/scale
[2]
[1]
dyn/dyngru/bias
[2]
[1]
dyn/dyngru/kernel
[2]
[1]
dyn/dynhid0/bias
[2]
[1]
dyn/dynhid0/kernel
[2]
[1]
dyn/dynhid0norm/scale
[2]
[1]
dyn/dynin0/bias
[2]
[1]
dyn/dynin0/kernel
[2]
[1]
dyn/dynin0norm/scale
[2]
[1]
dyn/dynin1/bias
[2]
[1]
dyn/dynin1/kernel
[2]
[1]
dyn/dynin1norm/scale
[2]
[1]
dyn/dynin2/bias
[2]
[1]
dyn/dynin2/kernel
[2]
[1]
dyn/dynin2norm/scale
[2]
[1]
dyn/obs0/bias
[2]
[1]
dyn/obs0/kernel
[2]
[1]
dyn/obs0norm/scale
[2]
[1]
dyn/obslogit/bias
[2]
[1]
dyn/obslogit/kernel
[2]
[1]
dyn/prior0/bias
[2]
[1]
dyn/prior0/kernel
[2]
[1]
dyn/prior0norm/scale
[2]
[1]
dyn/prior1/bias
[2]
[1]
dyn/prior1/kernel
[2]
[1]
dyn/prior1norm/scale
[2]
[1]
dyn/priorlogit/bias
[2]
[1]
dyn/priorlogit/kernel
[2]
[1]
enc/cnn0/bias
[2]
[1]
enc/cnn0/kernel
[2]
[1]
enc/cnn0norm/scale
[2]
[1]
enc/cnn1/bias
[2]
[1]
enc/cnn1/kernel
[2]
[1]
enc/cnn1norm/scale
[2]
[1]
enc/cnn2/bias
[2]
[1]
enc/cnn2/kernel
[2]
[1]
enc/cnn2norm/scale
[2]
[1]
enc/cnn3/bias
[2]
[1]
enc/cnn3/kernel
[2]
[1]
enc/cnn3norm/scale
[2]
[1]
pol/head/action/mean/bias
[2]
[1]
pol/head/action/mean/kernel
[2]
[1]
pol/head/action/stddev/bias
[2]
[1]
pol/head/action/stddev/kernel
[2]
[1]
pol/mlp/linear0/bias
[2]
[1]
pol/mlp/linear0/kernel
[2]
[1]
pol/mlp/linear1/bias
[2]
[1]
pol/mlp/linear1/kernel
[2]
[1]
pol/mlp/linear2/bias
[2]
[1]
pol/mlp/linear2/kernel
[2]
[1]
pol/mlp/norm0/scale
[2]
[1]
pol/mlp/norm1/scale
[2]
[1]
pol/mlp/norm2/scale
[2]
[1]
rew/head/logits/bias
[2]
[1]
rew/head/logits/kernel
[2]
[1]
rew/mlp/linear0/bias
[2]
[1]
rew/mlp/linear0/kernel
[2]
[1]
rew/mlp/norm0/scale
[2]
[1]
val/head/logits/bias
[2]
[1]
val/head/logits/kernel
[2]
[1]
val/mlp/linear0/bias
[2]
[1]
val/mlp/linear0/kernel
[2]
[1]
val/mlp/linear1/bias
[2]
[1]
val/mlp/linear1/kernel
[2]
[1]
val/mlp/linear2/bias
[2]
[1]
val/mlp/linear2/kernel
[2]
[1]
val/mlp/norm0/scale
[2]
[1]
val/mlp/norm1/scale
[2]
[1]
val/mlp/norm2/scale
[3]
.count
Train cost analysis:
  FLOPS:            6.2e+10
  Memory (temp):    6.6e+09
  Memory (inputs):  5.5e+08
  Memory (outputs): 5.2e+08
  Memory (code):    3.5e+06

Report cost analysis:
  FLOPS:            1.5e+09
  Memory (temp):    1.2e+09
  Memory (inputs):  1.4e+08
  Memory (outputs): 1.0e+07
  Memory (code):    8.1e+06

Done compiling!
Traceback (most recent call last):
  File "/mnt/home/tianyuez/DL-PJ/dreamerv3/.venv/lib/python3.10/site-packages/elements/config.py", line 64, in __getattr__
    return self[name]
  File "/mnt/home/tianyuez/DL-PJ/dreamerv3/.venv/lib/python3.10/site-packages/elements/config.py", line 72, in __getitem__
    result = result[part]
KeyError: 'from_checkpoint_regex'

During handling of the above exception, another exception occurred:

Traceback (most recent call last):
  File "/mnt/home/tianyuez/DL-PJ/dreamerv3/dreamerv3/main.py", line 292, in <module>
    main()
  File "/mnt/home/tianyuez/DL-PJ/dreamerv3/dreamerv3/main.py", line 69, in main
    embodied.run.train(
  File "/mnt/home/tianyuez/DL-PJ/dreamerv3/embodied/run/train.py", line 89, in train
    agent=bind(agent.load, regex=args.from_checkpoint_regex)))
  File "/mnt/home/tianyuez/DL-PJ/dreamerv3/.venv/lib/python3.10/site-packages/elements/config.py", line 66, in __getattr__
    raise AttributeError(name)
AttributeError: from_checkpoint_regex
